{"level":"error","msg":"033sss32","time":"2023-07-23T11:05:44+08:00"}
{"level":"fatal","msg":"3","time":"2023-07-23T11:05:44+08:00"}
{"level":"error","msg":"033sss32","time":"2023-07-23T11:06:11+08:00"}
{"level":"fatal","msg":"3","time":"2023-07-23T11:06:11+08:00"}
{"level":"error","msg":"033sss32","time":"2023-07-23T11:06:55+08:00"}
{"level":"fatal","msg":"3","time":"2023-07-23T11:06:55+08:00"}
{"level":"error","msg":"033sss32","time":"2023-07-23T11:07:28+08:00"}
{"level":"fatal","msg":"3","time":"2023-07-23T11:07:28+08:00"}
{"level":"error","msg":"033sss32","time":"2023-07-23T11:07:31+08:00"}
{"level":"fatal","msg":"3","time":"2023-07-23T11:07:31+08:00"}
{"level":"error","msg":"033sss32","time":"2023-07-23T11:07:33+08:00"}
{"level":"fatal","msg":"3","time":"2023-07-23T11:07:33+08:00"}
{"level":"error","msg":"033sss32","time":"2023-07-23T11:09:08+08:00"}
{"level":"fatal","msg":"3","time":"2023-07-23T11:09:08+08:00"}
{"level":"error","msg":"033sss32","time":"2023-07-23T11:09:55+08:00"}
{"level":"fatal","msg":"3","time":"2023-07-23T11:09:55+08:00"}
{"level":"error","msg":"033sss32","time":"2023-07-23T11:12:27+08:00"}
{"level":"fatal","msg":"3","time":"2023-07-23T11:12:27+08:00"}
{"level":"error","msg":"033sss32","time":"2023-07-23T11:12:28+08:00"}

{"level":"fatal","msg":"3","time":"2023-07-23T11:12:28+08:00"}
{"level":"error","msg":"033sss32","time":"2023-07-23T11:12:38+08:00"}
{"level":"fatal","msg":"3","time":"2023-07-23T11:12:38+08:00"}
{"level":"error","msg":"033sss32","time":"2023-07-23T11:21:27+08:00"}
{"level":"fatal","msg":"3","time":"2023-07-23T11:21:27+08:00"}
{"level":"error","msg":"033sss32","time":"2023-07-23T11:21:31+08:00"}
{"level":"fatal","msg":"3","time":"2023-07-23T11:21:31+08:00"}
[31mERRO[0m[0000] 033sss32                                     
[31mFATA[0m[0000] 3                                            
[31mERRO[0m[2023-07-23T11:33:57+08:00] 033sss32                                     
[31mFATA[0m[2023-07-23T11:33:57+08:00] 3                                            
[31mERRO[0m[2023-07-23T11:34:02+08:00] 033sss32                                     
[31mFATA[0m[2023-07-23T11:34:02+08:00] 3                                            
[31mERRO[0m[2023-07-23T11:34:07+08:00] 033sss32                                     
[31mFATA[0m[2023-07-23T11:34:07+08:00] 3                                            
{"level":"error","msg":"033sss32","time":"2023-07-23T11:36:05+08:00"}
{"level":"fatal","msg":"3","time":"2023-07-23T11:36:05+08:00"}
{"level":"error","msg":"033sss32","time":"2023-07-23T11:38:18+08:00"}
{"level":"fatal","msg":"3","time":"2023-07-23T11:38:18+08:00"}
{"level":"error","msg":"033sss32","time":"2023-07-23T11:38:20+08:00"}
{"level":"fatal","msg":"3","time":"2023-07-23T11:38:20+08:00"}
{"level":"error","msg":"033sss32","time":"2023-07-23T11:38:25+08:00"}
{"level":"fatal","msg":"3","time":"2023-07-23T11:38:25+08:00"}
{"level":"error","msg":"033sss32","time":"2023-07-23T11:42:43+08:00"}
{"level":"fatal","msg":"3","time":"2023-07-23T11:42:43+08:00"}
{"level":"error","msg":"033sss32","time":"2023-07-23T11:57:25+08:00"}
{"level":"fatal","msg":"3","time":"2023-07-23T11:57:25+08:00"}
{"level":"error","msg":"033sss32","time":"2023-07-23T11:57:36+08:00"}

{"level":"fatal","msg":"3","time":"2023-07-23T11:57:36+08:00"}
{"level":"error","msg":"033sss32","time":"2023-07-23T12:13:39+08:00"}
{"level":"fatal","msg":"3","time":"2023-07-23T12:13:39+08:00"}
{"level":"error","msg":"033sss32","time":"2023-07-23T12:15:40+08:00"}
{"level":"fatal","msg":"3","time":"2023-07-23T12:15:40+08:00"}
{"level":"error","msg":"033sss32","time":"2023-07-23T12:15:42+08:00"}
{"level":"fatal","msg":"3","time":"2023-07-23T12:15:42+08:00"}
{"level":"error","msg":"033sss32","time":"2023-07-23T12:15:48+08:00"}
{"level":"fatal","msg":"3","time":"2023-07-23T12:15:48+08:00"}
[31mERRO[0m[2023-07-23T12:16:17+08:00] 033sss32                                     
[31mFATA[0m[2023-07-23T12:16:17+08:00] 3                                            
{"level":"error","msg":"033sss32","time":"2023-07-23T12:19:09+08:00"}
{"level":"fatal","msg":"3","time":"2023-07-23T12:19:09+08:00"}
{"level":"error","msg":"033sss32","time":"2023-07-23T12:21:54+08:00"}
{"level":"fatal","msg":"3","time":"2023-07-23T12:21:54+08:00"}
{"level":"error","msg":"033sss32","time":"2023-07-23T12:22:05+08:00"}
{"level":"fatal","msg":"3","time":"2023-07-23T12:22:05+08:00"}

222
{"level":"error","msg":"033sss32","time":"2023-07-23T12:27:04+08:00"}
{"level":"fatal","msg":"3","time":"2023-07-23T12:27:04+08:00"}
{"level":"error","msg":"033sss32","time":"2023-07-23T12:30:04+08:00"}
{"level":"fatal","msg":"3","time":"2023-07-23T12:30:04+08:00"}
{"level":"error","msg":"033sss32","time":"2023-07-23T12:30:18+08:00"}
{"level":"fatal","msg":"3","time":"2023-07-23T12:30:18+08:00"}
{"level":"error","msg":"033sss32","time":"2023-07-23T12:31:03+08:00"}
{"level":"fatal","msg":"3","time":"2023-07-23T12:31:03+08:00"}
{"level":"error","msg":"033sss32","time":"2023-07-23T12:35:48+08:00"}
{"level":"fatal","msg":"3","time":"2023-07-23T12:35:48+08:00"}
{"level":"error","msg":"033sss32","time":"2023-07-23T12:35:51+08:00"}
{"level":"fatal","msg":"3","time":"2023-07-23T12:35:51+08:00"}
{"level":"error","msg":"033sss32","time":"2023-07-23T12:35:58+08:00"}
{"level":"fatal","msg":"3","time":"2023-07-23T12:35:58+08:00"}
{"level":"error","msg":"033sss32","time":"2023-07-23T12:36:56+08:00"}
{"level":"fatal","msg":"3","time":"2023-07-23T12:36:56+08:00"}
{"level":"error","msg":"033sss32","time":"2023-07-23T12:36:57+08:00"}
{"level":"fatal","msg":"3","time":"2023-07-23T12:36:57+08:00"}
{"level":"error","msg":"1","time":"2023-07-23T12:38:10+08:00"}
{"level":"fatal","msg":"2","time":"2023-07-23T12:38:10+08:00"}
{"level":"error","msg":"1","time":"2023-07-23T12:38:38+08:00"}
{"level":"fatal","msg":"2","time":"2023-07-23T12:38:38+08:00"}

2

{"level":"error","msg":"1","time":"2023-07-23T12:38:52+08:00"}
{"level":"fatal","msg":"2","time":"2023-07-23T12:38:52+08:00"}
{"level":"error","msg":"1","time":"2023-07-23T12:39:02+08:00"}
{"level":"fatal","msg":"2","time":"2023-07-23T12:39:02+08:00"}
{"level":"error","msg":"1","time":"2023-07-23T12:39:32+08:00"}
{"level":"fatal","msg":"2","time":"2023-07-23T12:39:32+08:00"}

c
{"level":"error","msg":"1","time":"2023-07-23T12:39:44+08:00"}
{"level":"fatal","msg":"2","time":"2023-07-23T12:39:44+08:00"}
{"level":"error","msg":"1","time":"2023-07-23T12:40:00+08:00"}
{"level":"error","msg":"3","time":"2023-07-23T12:40:00+08:00"}
{"level":"panic","msg":"4","time":"2023-07-23T12:40:00+08:00"}
{"level":"error","msg":"1","time":"2023-07-23T12:40:15+08:00"}
{"level":"error","msg":"3","time":"2023-07-23T12:40:15+08:00"}
{"level":"panic","msg":"4","time":"2023-07-23T12:40:15+08:00"}
{"level":"error","msg":"1","time":"2023-07-23T12:40:41+08:00"}
{"level":"error","msg":"3","time":"2023-07-23T12:40:41+08:00"}
{"level":"panic","msg":"4","time":"2023-07-23T12:40:41+08:00"}
{"level":"error","msg":"1","time":"2023-07-23T12:40:51+08:00"}
{"level":"panic","msg":"4","time":"2023-07-23T12:40:51+08:00"}
{"level":"error","msg":"1","time":"2023-07-23T12:41:26+08:00"}
{"level":"error","msg":"1","time":"2023-07-23T12:41:32+08:00"}
{"level":"error","msg":"3","time":"2023-07-23T12:41:32+08:00"}

2

{"level":"error","msg":"1","time":"2023-07-23T12:41:43+08:00"}
{"level":"error","msg":"3","time":"2023-07-23T12:41:43+08:00"}
{"level":"error","msg":"1","time":"2023-07-23T12:41:49+08:00"}
{"level":"error","msg":"3","time":"2023-07-23T12:41:49+08:00"}
{"level":"error","msg":"1","time":"2023-07-23T12:42:02+08:00"}
{"level":"fatal","msg":"2","time":"2023-07-23T12:42:02+08:00"}
5

{"level":"error","msg":"1","time":"2023-07-23T12:42:14+08:00"}
{"level":"fatal","msg":"2","time":"2023-07-23T12:42:14+08:00"}
{"level":"error","msg":"1","time":"2023-07-23T12:42:37+08:00"}
{"level":"error","msg":"3","time":"2023-07-23T12:42:37+08:00"}
{"level":"panic","msg":"4","time":"2023-07-23T12:42:37+08:00"}
{"level":"error","msg":"1","time":"2023-07-23T12:42:44+08:00"}
{"level":"error","msg":"3","time":"2023-07-23T12:42:44+08:00"}
{"level":"panic","msg":"4","time":"2023-07-23T12:42:44+08:00"}
{"level":"panic","msg":"4","time":"2023-07-23T12:42:53+08:00"}
{"level":"fatal","msg":"2","time":"2023-07-23T13:19:15+08:00"}
{"level":"fatal","msg":"2","time":"2023-07-23T13:19:17+08:00"}
{"level":"fatal","msg":"2","time":"2023-07-23T13:19:30+08:00"}
{"level":"fatal","msg":"2","time":"2023-07-23T13:19:32+08:00"}
{"level":"fatal","msg":"2","time":"2023-07-23T13:19:51+08:00"}
{"level":"fatal","msg":"2","time":"2023-07-23T13:19:54+08:00"}
{"level":"info","msg":"\u001b[35m/home/lh/go/src/blog-gin/core/gorm.go:33\n\u001b[0m\u001b[31m[error] \u001b[0mfailed to initialize database, got error dial tcp 127.0.0.1:3306: connect: connection refused","time":"2023-07-23T13:20:20+08:00"}
{"level":"fatal","msg":"2","time":"2023-07-23T13:20:20+08:00"}
{"level":"info","msg":"\u001b[35m/home/lh/go/src/blog-gin/core/gorm.go:33\n\u001b[0m\u001b[31m[error] \u001b[0mfailed to initialize database, got error dial tcp 127.0.0.1:3306: connect: connection refused","time":"2023-07-23T13:22:25+08:00"}
{"level":"fatal","msg":"2","time":"2023-07-23T13:22:25+08:00"}
{"level":"info","msg":"\u001b[35m/home/lh/go/src/blog-gin/core/gorm.go:32\n\u001b[0m\u001b[31m[error] \u001b[0mfailed to initialize database, got error dial tcp 127.0.0.1:3306: connect: connection refused","time":"2023-07-23T13:22:37+08:00"}
{"level":"fatal","msg":"2","time":"2023-07-23T13:22:37+08:00"}
{"level":"info","msg":"\u001b[35m/home/lh/go/src/blog-gin/core/gorm.go:32\n\u001b[0m\u001b[31m[error] \u001b[0mfailed to initialize database, got error dial tcp 127.0.0.1:3306: connect: connection refused","time":"2023-07-23T13:23:16+08:00"}
{"level":"fatal","msg":"2","time":"2023-07-23T13:23:16+08:00"}
{"level":"info","msg":"\u001b[31;1m/home/lh/go/src/blog-gin/core/gorm.go:57 \u001b[35;1mError 1146 (42S02): Table 'gin_blog.users' doesn't exist\n\u001b[0m\u001b[33m[0.839ms] \u001b[34;1m[rows:-]\u001b[0m SELECT * FROM users WHERE age \u003e 25","time":"2023-07-23T13:36:07+08:00"}
{"level":"info","msg":"\u001b[31;1m/home/lh/go/src/blog-gin/core/gorm.go:58 \u001b[35;1mError 1146 (42S02): Table 'gin_blog.users' doesn't exist\n\u001b[0m\u001b[33m[0.695ms] \u001b[34;1m[rows:-]\u001b[0m SELECT * FROM users WHERE age \u003e 25","time":"2023-07-23T13:36:07+08:00"}
{"level":"info","msg":"\u001b[31;1m/home/lh/go/src/blog-gin/core/gorm.go:59 \u001b[35;1mError 1146 (42S02): Table 'gin_blog.users' doesn't exist\n\u001b[0m\u001b[33m[0.675ms] \u001b[34;1m[rows:-]\u001b[0m SELECT * FROM users WHERE age \u003e 25","time":"2023-07-23T13:36:07+08:00"}
{"level":"fatal","msg":"2","time":"2023-07-23T13:36:07+08:00"}
{"level":"fatal","msg":"2","time":"2023-07-23T13:36:47+08:00"}
{"level":"fatal","msg":"2","time":"2023-07-23T13:36:51+08:00"}
{"level":"fatal","msg":"2","time":"2023-07-23T13:36:52+08:00"}
{"level":"fatal","msg":"2","time":"2023-07-23T13:37:00+08:00"}
{"level":"fatal","msg":"2","time":"2023-07-23T13:37:11+08:0dddddzzggd


{"level":"fatal","msg":"2","time":"2023-07-23T13:39:03+08:00"}
{"level":"fatal","msg":"2","time":"2023-07-23T13:39:13+08:00"}
{"level":"fatal","msg":"2","time":"2023-07-23T13:39:16+08:00"}
{"level":"fatal","msg":"2","time":"2023-07-23T13:39:57+08:00"}
{"level":"fatal","msg":"2","time":"2023-07-23T13:39:58+08:00"}

{"level":"fatal","msg":"2","time":"2023-07-23T13:39:59+08:00"}

{"level":"fatal","msg":"2","time":"2023-07-23T13:40:00+08:00"}

{"level":"fatal","msg":"2","time":"2023-07-23T13:40:01+08:00"}
{"level":"fatal","msg":"2","time":"2023-07-23T13:40:14+08:00"}
{"level":"fatal","msg":"2","time":"2023-07-23T13:40:16+08:00"}
{"level":"fatal","msg":"2","time":"2023-07-23T13:40:17+08:00"}
{"level":"fatal","msg":"2","time":"2023-07-23T13:42:19+08:00"}
{"file":"/home/lh/go/src/blog-gin/core/gorm.go:63","func":"blog_gin/core.InitGorm","level":"fatal","msg":"无法连接数据库: dial tcp 127.0.0.1:3306: connect: connection refused","time":"2023-07-23T15:32:05+08:00"}
{"file":"/home/lh/go/src/blog-gin/core/gorm.go:63","func":"blog_gin/core.InitGorm","level":"fatal","msg":"无法连接数据库: dial tcp 127.0.0.1:3306: connect: connection refused","time":"2023-07-23T15:32:27+08:00"}
